<?xml version="1.0" encoding="UTF-8"?>
<!-- Generated by org.testng.reporters.JUnitReportReporter -->
<testsuite hostname="DESKTOP-0QUBD5V" failures="0" tests="1" name="java8.supplierinterface.TestRUnnerSupplierInterface" time="0.023" errors="0" timestamp="29 Dec 2021 06:00:11 GMT" skipped="0">
  <testcase classname="java8.supplierinterface.TestRUnnerSupplierInterface" name="testSupplier" time="0.023"/>
</testsuite> <!-- java8.supplierinterface.TestRUnnerSupplierInterface -->
