<?xml version="1.0" encoding="UTF-8"?>
<!-- Generated by org.testng.reporters.JUnitReportReporter -->
<testsuite hostname="DESKTOP-0QUBD5V" failures="0" tests="1" name="java8.by.locatorstrategy.LocatorStrategy" time="5.477" errors="0" timestamp="01 Jan 2022 09:41:18 GMT" skipped="0">
  <testcase classname="java8.by.locatorstrategy.LocatorStrategy" name="locatorStrategyTest" time="5.477"/>
</testsuite> <!-- java8.by.locatorstrategy.LocatorStrategy -->
